Using device: Tesla V100-PCIE-32GB
CUDA capability: sm_70
PyTorch CUDA version: 12.1
Training results will be logged to: results/10sec_chunks/training_log_20250809_173953.csv
Dataset sizes - Train: 5829, Val: 1249, Test: 1250

Starting training for up to 100 epochs...
======================================================================
Epoch   1/100 | Train Loss: 0.6044 | Train Acc: 0.8367 | Val Loss: 0.3502 | Val Acc: 0.8820 | LR: 0.001000
    → New best model saved! (Val Loss: 0.3502) -> results/10sec_chunks/checkpoints/best_model_20250809_174122.pth
Epoch   2/100 | Train Loss: 0.2996 | Train Acc: 0.8888 | Val Loss: 0.2875 | Val Acc: 0.8742 | LR: 0.001000
    → New best model saved! (Val Loss: 0.2875) -> results/10sec_chunks/checkpoints/best_model_20250809_174122.pth
Epoch   3/100 | Train Loss: 0.2011 | Train Acc: 0.9295 | Val Loss: 0.2264 | Val Acc: 0.9156 | LR: 0.001000
    → New best model saved! (Val Loss: 0.2264) -> results/10sec_chunks/checkpoints/best_model_20250809_174122.pth
Epoch   4/100 | Train Loss: 0.1243 | Train Acc: 0.9580 | Val Loss: 0.3317 | Val Acc: 0.9148 | LR: 0.001000
    Early stopping counter: 1/15
Epoch   5/100 | Train Loss: 0.0744 | Train Acc: 0.9775 | Val Loss: 0.3869 | Val Acc: 0.9141 | LR: 0.001000
    Early stopping counter: 2/15
Epoch   6/100 | Train Loss: 0.0454 | Train Acc: 0.9867 | Val Loss: 0.5574 | Val Acc: 0.9086 | LR: 0.001000
    Early stopping counter: 3/15
Epoch   7/100 | Train Loss: 0.0256 | Train Acc: 0.9925 | Val Loss: 0.5420 | Val Acc: 0.9195 | LR: 0.001000
    Early stopping counter: 4/15
Epoch   8/100 | Train Loss: 0.0260 | Train Acc: 0.9932 | Val Loss: 0.7145 | Val Acc: 0.9141 | LR: 0.001000
    Early stopping counter: 5/15
Epoch   9/100 | Train Loss: 0.0132 | Train Acc: 0.9959 | Val Loss: 0.6044 | Val Acc: 0.9242 | LR: 0.000500
    Early stopping counter: 6/15
Epoch  10/100 | Train Loss: 0.0032 | Train Acc: 0.9986 | Val Loss: 0.7539 | Val Acc: 0.9234 | LR: 0.000500
    Early stopping counter: 7/15
Epoch  11/100 | Train Loss: 0.0004 | Train Acc: 1.0000 | Val Loss: 0.8044 | Val Acc: 0.9258 | LR: 0.000500
    Early stopping counter: 8/15
Epoch  12/100 | Train Loss: 0.0001 | Train Acc: 1.0000 | Val Loss: 0.8169 | Val Acc: 0.9273 | LR: 0.000500
    Early stopping counter: 9/15
Epoch  13/100 | Train Loss: 0.0000 | Train Acc: 1.0000 | Val Loss: 0.8270 | Val Acc: 0.9281 | LR: 0.000500
    Early stopping counter: 10/15
Epoch  14/100 | Train Loss: 0.0000 | Train Acc: 1.0000 | Val Loss: 0.8447 | Val Acc: 0.9289 | LR: 0.000500
    Early stopping counter: 11/15
Epoch  15/100 | Train Loss: 0.0000 | Train Acc: 1.0000 | Val Loss: 0.8557 | Val Acc: 0.9273 | LR: 0.000250
    Early stopping counter: 12/15
Epoch  16/100 | Train Loss: 0.0000 | Train Acc: 1.0000 | Val Loss: 0.8584 | Val Acc: 0.9273 | LR: 0.000250
    Early stopping counter: 13/15
Epoch  17/100 | Train Loss: 0.0000 | Train Acc: 1.0000 | Val Loss: 0.8596 | Val Acc: 0.9273 | LR: 0.000250
    Early stopping counter: 14/15
Epoch  18/100 | Train Loss: 0.0000 | Train Acc: 1.0000 | Val Loss: 0.8603 | Val Acc: 0.9273 | LR: 0.000250

Early stopping triggered after 18 epochs!
Best validation loss: 0.2264
Early stopped model saved: results/10sec_chunks/checkpoints/early_stopped_model_20250809_174122.pth

======================================================================
MODEL CHECKPOINTS SUMMARY:
======================================================================
✓ best_model_20250809_174122.pth
✓ early_stopped_model_20250809_174122.pth

Results logged to: results/10sec_chunks/training_log_20250809_173953.csv
Models saved to: results/10sec_chunks/checkpoints/
