Using device: cuda
Output directory: results/5sec_chunks
Loading data...
Found 15453 samples with shape torch.Size([1025, 235]) and 3 classes
Initializing model...
Starting training...

Epoch 1 Summary:
Time: 32.98s | Total: 0m 33s
LR: 1.00e-04 | Train Loss: 0.6086 | Val Loss: 0.3724
KL Loss: 157228.6117 | Train Acc: 83.37% | Val Acc: 87.57%
Saved best model at epoch 1 with val loss: 0.3724

Epoch 2 Summary:
Time: 30.46s | Total: 1m 4s
LR: 1.00e-04 | Train Loss: 0.3691 | Val Loss: 0.3218
KL Loss: 14451.9371 | Train Acc: 87.78% | Val Acc: 88.74%
Saved best model at epoch 2 with val loss: 0.3218

Epoch 3 Summary:
Time: 30.51s | Total: 1m 35s
LR: 1.00e-04 | Train Loss: 0.3365 | Val Loss: 0.3025
KL Loss: 4197.0577 | Train Acc: 89.14% | Val Acc: 89.47%
Saved best model at epoch 3 with val loss: 0.3025

Epoch 4 Summary:
Time: 30.50s | Total: 2m 7s
LR: 1.00e-04 | Train Loss: 0.3064 | Val Loss: 0.2868
KL Loss: 2219.6774 | Train Acc: 89.73% | Val Acc: 89.73%
Saved best model at epoch 4 with val loss: 0.2868

Epoch 5 Summary:
Time: 30.47s | Total: 2m 38s
LR: 1.00e-04 | Train Loss: 0.2823 | Val Loss: 0.2772
KL Loss: 1539.9016 | Train Acc: 90.29% | Val Acc: 89.94%
Saved best model at epoch 5 with val loss: 0.2772

Epoch 6 Summary:
Time: 30.49s | Total: 3m 9s
LR: 1.00e-04 | Train Loss: 0.2659 | Val Loss: 0.2710
KL Loss: 1177.7195 | Train Acc: 90.64% | Val Acc: 89.81%
Saved best model at epoch 6 with val loss: 0.2710

Epoch 7 Summary:
Time: 30.44s | Total: 3m 40s
LR: 1.00e-04 | Train Loss: 0.2517 | Val Loss: 0.2940
KL Loss: 933.9223 | Train Acc: 91.13% | Val Acc: 88.82%

Epoch 8 Summary:
Time: 30.48s | Total: 4m 11s
LR: 1.00e-04 | Train Loss: 0.2336 | Val Loss: 0.2424
KL Loss: 752.3704 | Train Acc: 91.61% | Val Acc: 90.94%
Saved best model at epoch 8 with val loss: 0.2424

Epoch 9 Summary:
Time: 30.49s | Total: 4m 42s
LR: 1.00e-04 | Train Loss: 0.2091 | Val Loss: 0.2263
KL Loss: 612.0593 | Train Acc: 92.45% | Val Acc: 91.28%
Saved best model at epoch 9 with val loss: 0.2263

Epoch 10 Summary:
Time: 30.45s | Total: 5m 13s
LR: 1.00e-04 | Train Loss: 0.1922 | Val Loss: 0.2249
KL Loss: 500.0172 | Train Acc: 92.96% | Val Acc: 91.89%
Saved best model at epoch 10 with val loss: 0.2249

Epoch 11 Summary:
Time: 30.47s | Total: 5m 45s
LR: 1.00e-04 | Train Loss: 0.1711 | Val Loss: 0.2211
KL Loss: 448.4333 | Train Acc: 93.81% | Val Acc: 91.45%
Saved best model at epoch 11 with val loss: 0.2211

Epoch 12 Summary:
Time: 30.46s | Total: 6m 16s
LR: 1.00e-04 | Train Loss: 0.1494 | Val Loss: 0.2365
KL Loss: 395.9138 | Train Acc: 94.53% | Val Acc: 91.58%

Epoch 13 Summary:
Time: 30.46s | Total: 6m 46s
LR: 1.00e-04 | Train Loss: 0.1249 | Val Loss: 0.2377
KL Loss: 344.5613 | Train Acc: 95.48% | Val Acc: 91.63%

Epoch 14 Summary:
Time: 30.47s | Total: 7m 17s
LR: 1.00e-04 | Train Loss: 0.1073 | Val Loss: 0.2057
KL Loss: 296.7284 | Train Acc: 96.20% | Val Acc: 92.75%
Saved best model at epoch 14 with val loss: 0.2057

Epoch 15 Summary:
Time: 30.52s | Total: 7m 48s
LR: 1.00e-04 | Train Loss: 0.0904 | Val Loss: 0.2194
KL Loss: 253.5615 | Train Acc: 96.79% | Val Acc: 92.49%

Epoch 16 Summary:
Time: 30.52s | Total: 8m 19s
LR: 1.00e-04 | Train Loss: 0.0729 | Val Loss: 0.2309
KL Loss: 214.7615 | Train Acc: 97.49% | Val Acc: 92.40%

Epoch 17 Summary:
Time: 30.51s | Total: 8m 49s
LR: 1.00e-04 | Train Loss: 0.0619 | Val Loss: 0.2199
KL Loss: 181.4241 | Train Acc: 97.93% | Val Acc: 92.92%

Epoch 18 Summary:
Time: 30.50s | Total: 9m 20s
LR: 1.00e-04 | Train Loss: 0.0509 | Val Loss: 0.2278
KL Loss: 152.0911 | Train Acc: 98.49% | Val Acc: 92.79%

Epoch 19 Summary:
Time: 30.50s | Total: 9m 50s
LR: 1.00e-04 | Train Loss: 0.0429 | Val Loss: 0.2817
KL Loss: 127.2470 | Train Acc: 98.72% | Val Acc: 92.19%

Epoch 20 Summary:
Time: 30.49s | Total: 10m 21s
LR: 1.00e-04 | Train Loss: 0.0407 | Val Loss: 0.2539
KL Loss: 107.2906 | Train Acc: 98.70% | Val Acc: 92.45%

Epoch 21 Summary:
Time: 30.49s | Total: 10m 51s
LR: 5.00e-05 | Train Loss: 0.0233 | Val Loss: 0.2426
KL Loss: 93.9607 | Train Acc: 99.55% | Val Acc: 92.92%

Epoch 22 Summary:
Time: 30.45s | Total: 11m 22s
LR: 5.00e-05 | Train Loss: 0.0240 | Val Loss: 0.2161
KL Loss: 85.3566 | Train Acc: 99.49% | Val Acc: 93.09%

Epoch 23 Summary:
Time: 30.48s | Total: 11m 52s
LR: 5.00e-05 | Train Loss: 0.0222 | Val Loss: 0.2447
KL Loss: 78.5233 | Train Acc: 99.66% | Val Acc: 92.62%

Epoch 24 Summary:
Time: 30.43s | Total: 12m 22s
LR: 5.00e-05 | Train Loss: 0.0225 | Val Loss: 0.2689
KL Loss: 72.2152 | Train Acc: 99.56% | Val Acc: 92.53%

Epoch 25 Summary:
Time: 30.49s | Total: 12m 53s
LR: 5.00e-05 | Train Loss: 0.0188 | Val Loss: 0.2450
KL Loss: 66.6079 | Train Acc: 99.67% | Val Acc: 92.75%

Epoch 26 Summary:
Time: 30.43s | Total: 13m 23s
LR: 5.00e-05 | Train Loss: 0.0212 | Val Loss: 0.2835
KL Loss: 62.2456 | Train Acc: 99.66% | Val Acc: 92.02%

Epoch 27 Summary:
Time: 30.49s | Total: 13m 54s
LR: 2.50e-05 | Train Loss: 0.0179 | Val Loss: 0.2315
KL Loss: 59.6431 | Train Acc: 99.66% | Val Acc: 93.40%

Epoch 28 Summary:
Time: 30.45s | Total: 14m 24s
LR: 2.50e-05 | Train Loss: 0.0155 | Val Loss: 0.2520
KL Loss: 56.9667 | Train Acc: 99.81% | Val Acc: 92.19%

Epoch 29 Summary:
Time: 30.48s | Total: 14m 55s
LR: 2.50e-05 | Train Loss: 0.0161 | Val Loss: 0.2527
KL Loss: 54.8348 | Train Acc: 99.74% | Val Acc: 92.36%

Early stopping at epoch 29 after 15 epochs without improvement
Best validation loss: 0.2057 | Best accuracy: 92.75%

Training completed in 14m 55s
Best validation loss: 0.2057 | Best accuracy: 92.75%
