Using device: cuda
Output directory: results/10sec_chunks
Loading data...
Found 8328 samples with shape torch.Size([1025, 469]) and 3 classes
Initializing model...
Starting training...

Epoch 1 Summary:
Time: 32.90s | Total: 0m 33s
LR: 1.00e-04 | Train Loss: 1.3978 | Val Loss: 0.4380
KL Loss: 139687.1404 | Train Acc: 77.82% | Val Acc: 86.31%
Saved best model at epoch 1 with val loss: 0.4380

Epoch 2 Summary:
Time: 30.24s | Total: 1m 5s
LR: 1.00e-04 | Train Loss: 0.4662 | Val Loss: 0.3987
KL Loss: 44987.3804 | Train Acc: 84.71% | Val Acc: 87.35%
Saved best model at epoch 2 with val loss: 0.3987

Epoch 3 Summary:
Time: 30.38s | Total: 1m 37s
LR: 1.00e-04 | Train Loss: 0.3963 | Val Loss: 0.3442
KL Loss: 22374.6260 | Train Acc: 86.05% | Val Acc: 87.83%
Saved best model at epoch 3 with val loss: 0.3442

Epoch 4 Summary:
Time: 30.34s | Total: 2m 8s
LR: 1.00e-04 | Train Loss: 0.3437 | Val Loss: 0.3463
KL Loss: 13169.9250 | Train Acc: 87.55% | Val Acc: 88.47%

Epoch 5 Summary:
Time: 30.25s | Total: 2m 39s
LR: 1.00e-04 | Train Loss: 0.3265 | Val Loss: 0.3305
KL Loss: 8509.3194 | Train Acc: 88.13% | Val Acc: 88.63%
Saved best model at epoch 5 with val loss: 0.3305

Epoch 6 Summary:
Time: 30.32s | Total: 3m 11s
LR: 1.00e-04 | Train Loss: 0.2855 | Val Loss: 0.3176
KL Loss: 5837.2561 | Train Acc: 89.19% | Val Acc: 88.87%
Saved best model at epoch 6 with val loss: 0.3176

Epoch 7 Summary:
Time: 30.34s | Total: 3m 42s
LR: 1.00e-04 | Train Loss: 0.2732 | Val Loss: 0.3130
KL Loss: 4176.2303 | Train Acc: 89.52% | Val Acc: 88.95%
Saved best model at epoch 7 with val loss: 0.3130

Epoch 8 Summary:
Time: 30.29s | Total: 4m 14s
LR: 1.00e-04 | Train Loss: 0.2456 | Val Loss: 0.3180
KL Loss: 3083.4839 | Train Acc: 90.43% | Val Acc: 87.99%

Epoch 9 Summary:
Time: 30.32s | Total: 4m 45s
LR: 1.00e-04 | Train Loss: 0.2292 | Val Loss: 0.2899
KL Loss: 2333.7047 | Train Acc: 91.47% | Val Acc: 89.11%
Saved best model at epoch 9 with val loss: 0.2899

Epoch 10 Summary:
Time: 30.26s | Total: 5m 16s
LR: 1.00e-04 | Train Loss: 0.2194 | Val Loss: 0.3179
KL Loss: 1802.1760 | Train Acc: 91.83% | Val Acc: 88.07%

Epoch 11 Summary:
Time: 30.22s | Total: 5m 47s
LR: 1.00e-04 | Train Loss: 0.1921 | Val Loss: 0.2896
KL Loss: 1548.1301 | Train Acc: 92.69% | Val Acc: 89.67%
Saved best model at epoch 11 with val loss: 0.2896

Epoch 12 Summary:
Time: 30.25s | Total: 6m 19s
LR: 1.00e-04 | Train Loss: 0.1667 | Val Loss: 0.2920
KL Loss: 1322.3808 | Train Acc: 93.91% | Val Acc: 89.99%

Epoch 13 Summary:
Time: 30.25s | Total: 6m 49s
LR: 1.00e-04 | Train Loss: 0.1488 | Val Loss: 0.3094
KL Loss: 1125.8509 | Train Acc: 95.25% | Val Acc: 89.35%

Epoch 14 Summary:
Time: 30.23s | Total: 7m 19s
LR: 1.00e-04 | Train Loss: 0.1360 | Val Loss: 0.2829
KL Loss: 958.9055 | Train Acc: 95.11% | Val Acc: 89.99%
Saved best model at epoch 14 with val loss: 0.2829

Epoch 15 Summary:
Time: 30.23s | Total: 7m 51s
LR: 1.00e-04 | Train Loss: 0.1221 | Val Loss: 0.2925
KL Loss: 820.3643 | Train Acc: 95.78% | Val Acc: 90.23%

Epoch 16 Summary:
Time: 30.22s | Total: 8m 21s
LR: 1.00e-04 | Train Loss: 0.1158 | Val Loss: 0.2947
KL Loss: 707.4066 | Train Acc: 96.26% | Val Acc: 90.55%

Epoch 17 Summary:
Time: 30.27s | Total: 8m 51s
LR: 1.00e-04 | Train Loss: 0.1017 | Val Loss: 0.3261
KL Loss: 617.9109 | Train Acc: 96.96% | Val Acc: 89.75%

Epoch 18 Summary:
Time: 30.25s | Total: 9m 22s
LR: 1.00e-04 | Train Loss: 0.0896 | Val Loss: 0.2971
KL Loss: 548.5376 | Train Acc: 97.22% | Val Acc: 90.39%

Epoch 19 Summary:
Time: 30.32s | Total: 9m 52s
LR: 1.00e-04 | Train Loss: 0.0836 | Val Loss: 0.3370
KL Loss: 495.1413 | Train Acc: 97.55% | Val Acc: 89.59%

Epoch 20 Summary:
Time: 30.28s | Total: 10m 22s
LR: 1.00e-04 | Train Loss: 0.0806 | Val Loss: 0.2925
KL Loss: 454.4999 | Train Acc: 97.51% | Val Acc: 90.63%

Epoch 21 Summary:
Time: 30.27s | Total: 10m 52s
LR: 5.00e-05 | Train Loss: 0.0603 | Val Loss: 0.2994
KL Loss: 430.2612 | Train Acc: 98.47% | Val Acc: 90.63%

Epoch 22 Summary:
Time: 30.26s | Total: 11m 23s
LR: 5.00e-05 | Train Loss: 0.0570 | Val Loss: 0.3137
KL Loss: 416.5702 | Train Acc: 98.70% | Val Acc: 90.07%

Epoch 23 Summary:
Time: 30.33s | Total: 11m 53s
LR: 5.00e-05 | Train Loss: 0.0563 | Val Loss: 0.3309
KL Loss: 404.2295 | Train Acc: 98.68% | Val Acc: 90.79%

Epoch 24 Summary:
Time: 30.24s | Total: 12m 23s
LR: 5.00e-05 | Train Loss: 0.0490 | Val Loss: 0.3209
KL Loss: 393.1947 | Train Acc: 99.25% | Val Acc: 90.31%

Epoch 25 Summary:
Time: 30.18s | Total: 12m 53s
LR: 5.00e-05 | Train Loss: 0.0509 | Val Loss: 0.2966
KL Loss: 383.2118 | Train Acc: 99.16% | Val Acc: 90.39%

Epoch 26 Summary:
Time: 30.26s | Total: 13m 24s
LR: 5.00e-05 | Train Loss: 0.0493 | Val Loss: 0.2889
KL Loss: 374.2248 | Train Acc: 99.04% | Val Acc: 89.75%

Epoch 27 Summary:
Time: 30.21s | Total: 13m 54s
LR: 2.50e-05 | Train Loss: 0.0441 | Val Loss: 0.3092
KL Loss: 367.9850 | Train Acc: 99.35% | Val Acc: 90.47%

Epoch 28 Summary:
Time: 30.32s | Total: 14m 24s
LR: 2.50e-05 | Train Loss: 0.0411 | Val Loss: 0.3135
KL Loss: 363.9173 | Train Acc: 99.28% | Val Acc: 90.23%

Epoch 29 Summary:
Time: 30.19s | Total: 14m 54s
LR: 2.50e-05 | Train Loss: 0.0412 | Val Loss: 0.3053
KL Loss: 359.9454 | Train Acc: 99.30% | Val Acc: 90.31%

Early stopping at epoch 29 after 15 epochs without improvement
Best validation loss: 0.2829 | Best accuracy: 89.99%

Training completed in 14m 54s
Best validation loss: 0.2829 | Best accuracy: 89.99%
